<?xml version="1.0" encoding="UTF-8"?>
<!-- Generated by org.testng.reporters.JUnitXMLReporter -->
<testsuite hostname="LAPTOP-S756K68B" ignored="0" name="Default test" tests="1" failures="1" timestamp="2021-10-04T17:43:46 IST" time="15.351" errors="0">
  <testcase name="runScenario" time="12.152" classname="io.cucumber.testng.AbstractTestNGCucumberTests">
    <failure type="java.lang.NullPointerException">
      <![CDATA[java.lang.NullPointerException
at stepdefs.CRMLoginStepDef.close_the_browser(CRMLoginStepDef.java:64)
at ✽.close the browser(file:///C:/Users/Arun/eclipse-workspace/BDDPomTestNG/src/test/resources/LoginFeature/login.feature:8)
]]>
    </failure>
  </testcase> <!-- runScenario -->
</testsuite> <!-- Default test -->
