<?xml version="1.0" encoding="UTF-8"?>
<testng-results skipped="0" failed="1" ignored="0" total="1" passed="0">
  <reporter-output>
  </reporter-output>
  <suite name="Default suite" duration-ms="15351" started-at="2021-10-04T17:43:31 IST" finished-at="2021-10-04T17:43:46 IST">
    <groups>
      <group name="cucumber">
        <method signature="AbstractTestNGCucumberTests.runScenario(io.cucumber.testng.PickleWrapper, io.cucumber.testng.FeatureWrapper)[pri:0, instance:runners.CRMRunner@33c7e1bb]" name="runScenario" class="io.cucumber.testng.AbstractTestNGCucumberTests"/>
      </group> <!-- cucumber -->
    </groups>
    <test name="Default test" duration-ms="15351" started-at="2021-10-04T17:43:31 IST" finished-at="2021-10-04T17:43:46 IST">
      <class name="runners.CRMRunner">
        <test-method status="PASS" signature="setUpClass()[pri:0, instance:runners.CRMRunner@33c7e1bb]" name="setUpClass" is-config="true" duration-ms="697" started-at="2021-10-04T17:43:31 IST" finished-at="2021-10-04T17:43:32 IST">
          <reporter-output>
          </reporter-output>
        </test-method> <!-- setUpClass -->
        <test-method status="FAIL" signature="runScenario(io.cucumber.testng.PickleWrapper, io.cucumber.testng.FeatureWrapper)[pri:0, instance:runners.CRMRunner@33c7e1bb]" name="runScenario" duration-ms="12152" started-at="2021-10-04T17:43:32 IST" description="Runs Cucumber Scenarios" data-provider="scenarios" finished-at="2021-10-04T17:43:44 IST">
          <params>
            <param index="0">
              <value>
                <![CDATA["Valid Login"]]>
              </value>
            </param>
            <param index="1">
              <value>
                <![CDATA["Optional[CRM Login Feature]"]]>
              </value>
            </param>
          </params>
          <exception class="java.lang.NullPointerException">
            <full-stacktrace>
              <![CDATA[java.lang.NullPointerException
at stepdefs.CRMLoginStepDef.close_the_browser(CRMLoginStepDef.java:64)
at ✽.close the browser(file:///C:/Users/Arun/eclipse-workspace/BDDPomTestNG/src/test/resources/LoginFeature/login.feature:8)
]]>
            </full-stacktrace>
          </exception> <!-- java.lang.NullPointerException -->
          <reporter-output>
          </reporter-output>
        </test-method> <!-- runScenario -->
        <test-method status="PASS" signature="tearDownClass()[pri:0, instance:runners.CRMRunner@33c7e1bb]" name="tearDownClass" is-config="true" duration-ms="2401" started-at="2021-10-04T17:43:44 IST" finished-at="2021-10-04T17:43:46 IST">
          <reporter-output>
          </reporter-output>
        </test-method> <!-- tearDownClass -->
      </class> <!-- runners.CRMRunner -->
    </test> <!-- Default test -->
  </suite> <!-- Default suite -->
</testng-results>
