<?xml version="1.0" encoding="UTF-8"?>
<!-- Generated by org.testng.reporters.JUnitReportReporter -->
<testsuite skipped="0" hostname="LAPTOP-S756K68B" name="runners.CRMRunner" tests="1" failures="0" timestamp="2021-10-04T17:43:46 IST" time="12.152" errors="1">
  <testcase name="runScenario" time="12.152" classname="runners.CRMRunner">
    <error type="java.lang.NullPointerException">
      <![CDATA[java.lang.NullPointerException
at stepdefs.CRMLoginStepDef.close_the_browser(CRMLoginStepDef.java:64)
at ✽.close the browser(file:///C:/Users/Arun/eclipse-workspace/BDDPomTestNG/src/test/resources/LoginFeature/login.feature:8)
]]>
    </error>
  </testcase> <!-- runScenario -->
  <system-out/>
</testsuite> <!-- runners.CRMRunner -->
