<?xml version="1.0" encoding="UTF-8"?>
<!-- Generated by org.testng.reporters.JUnitReportReporter -->
<testsuite skipped="0" hostname="LAPTOP-S756K68B" name="runners.SuiteRunner" tests="2" failures="1" timestamp="2021-09-30T15:46:50 IST" time="15.457" errors="0">
  <testcase name="runScenario" time="6.714" classname="runners.SuiteRunner">
    <failure type="java.lang.AssertionError" message="expected [Java Tutorial - Google ] but found [Java Tutorial - Google Search]">
      <![CDATA[java.lang.AssertionError: expected [Java Tutorial - Google ] but found [Java Tutorial - Google Search]
at org.testng.Assert.fail(Assert.java:99)
at org.testng.Assert.failNotEquals(Assert.java:1037)
at org.testng.Assert.assertEqualsImpl(Assert.java:140)
at org.testng.Assert.assertEquals(Assert.java:122)
at org.testng.Assert.assertEquals(Assert.java:629)
at org.testng.Assert.assertEquals(Assert.java:639)
at stepdefs.GooglePageStepDef.should_display_java_result_page(GooglePageStepDef.java:41)
at ✽.should display Java result page(file:///C:/Users/Arun/eclipse-workspace/SampleWebApp/./src/test/resources/features/GooglePage.feature:7)
]]>
    </failure>
  </testcase> <!-- runScenario -->
  <system-out/>
  <testcase name="runScenario" time="8.743" classname="runners.SuiteRunner"/>
  <system-out/>
</testsuite> <!-- runners.SuiteRunner -->
